Mar 24 13:27 : exception: Failed to open '/home/aleksic/.mpd/mpdstate': No such file or directory
Mar 24 13:27 : update: added /HOME - Resonance.mp3
Mar 24 13:29 : player: played "HOME - Resonance.mp3"
Mar 24 13:36 : player: played "HOME - Resonance.mp3"
Mar 24 13:36 : player: played "HOME - Resonance.mp3"
Mar 24 13:37 : player: played "HOME - Resonance.mp3"
Mar 24 13:37 : player: played "HOME - Resonance.mp3"
Mar 24 13:37 : player: played "HOME - Resonance.mp3"
Mar 24 13:42 : player: played "HOME - Resonance.mp3"
Mar 24 14:12 : player: played "HOME - Resonance.mp3"
Mar 24 14:16 : player: played "HOME - Resonance.mp3"
Mar 24 14:27 : player: played "HOME - Resonance.mp3"
Mar 24 22:19 : output: Failed to play on "pulse audio" (pulse): suspended
Mar 24 22:21 : player: played "HOME - Resonance.mp3"
Mar 24 22:23 : player: played "HOME - Resonance.mp3"
Mar 24 22:24 : output: Failed to play on "pulse audio" (pulse): suspended
Mar 24 22:25 : player: played "HOME - Resonance.mp3"
Mar 24 22:25 : player: played "HOME - Resonance.mp3"
Mar 24 22:27 : player: played "HOME - Resonance.mp3"
Mar 24 22:39 : player: played "HOME - Resonance.mp3"
Mar 25 23:27 : update: added /tana - hell yeah.mp3
Mar 25 23:40 : update: added /Driver - The Eye of Truth.mp3
Mar 25 23:43 : player: played "Driver - The Eye of Truth.mp3"
Mar 25 23:44 : player: played "HOME - Resonance.mp3"
Mar 26 17:46 : update: removing tana - hell yeah.mp3
Mar 26 17:46 : update: removing HOME - Resonance.mp3
Mar 26 17:46 : update: added /Home - Hold.mp3
Mar 26 17:46 : update: added /Home - Head First.mp3
Mar 26 17:46 : update: added /Com Truise - Brokendate.mp3
Mar 26 17:46 : update: added /Home - We're Finally Landing.mp3
Mar 26 17:46 : update: added /Hotel Pools - Nightshade.mp3
Mar 26 17:46 : update: added /Voyage - Allude.mp3
Mar 26 17:46 : update: added /FrankJavCee - SimpsonWave1995 - Slowed + Reverbed.mp3
Mar 26 17:46 : update: added /Resonance Hub - A Brighter Future.mp3
Mar 26 17:46 : update: updating /Driver - The Eye of Truth.mp3
Mar 26 17:46 : update: added /Electronic Gems, Voyage - Eternal.mp3
Mar 26 17:46 : update: added /Home - Sunshower.mp3
Mar 26 17:46 : update: added /FrankJavCee - SimpsonWave1995.mp3
Mar 26 17:46 : update: added /Home - Decay.mp3
Mar 26 17:46 : update: added /Home - Resonance.mp3
Mar 26 17:46 : update: added /Home - New Machines.mp3
Mar 26 17:50 : player: played "Home - Decay.mp3"
Mar 26 17:54 : player: played "Home - Decay.mp3"
Mar 26 17:54 : player: played "Home - Decay.mp3"
Mar 26 17:54 : player: played "Home - Decay.mp3"
Mar 26 17:58 : player: played "Home - Decay.mp3"
Mar 26 18:08 : update: removing Voyage - Allude.mp3
Mar 26 18:08 : update: removing Resonance Hub - A Brighter Future.mp3
Mar 26 18:08 : update: removing Com Truise - Brokendate.mp3
Mar 26 18:08 : update: removing FrankJavCee - SimpsonWave1995.mp3
Mar 26 18:08 : update: removing Electronic Gems, Voyage - Eternal.mp3
Mar 26 18:08 : update: removing Home - Head First.mp3
Mar 26 18:08 : update: removing Driver - The Eye of Truth.mp3
Mar 26 18:08 : update: removing Home - We're Finally Landing.mp3
Mar 26 18:08 : update: removing Home - New Machines.mp3
Mar 26 18:08 : update: removing Home - Decay.mp3
Mar 26 18:08 : update: removing Hotel Pools - Nightshade.mp3
Mar 26 18:08 : update: removing Home - Sunshower.mp3
Mar 26 18:08 : update: removing Home - Hold.mp3
Mar 26 18:08 : update: removing FrankJavCee - SimpsonWave1995 - Slowed + Reverbed.mp3
Mar 26 18:08 : update: removing Home - Resonance.mp3
Mar 26 18:08 : update: added vaporlist/Home - Hold.mp3
Mar 26 18:08 : update: added vaporlist/Home - Head First.mp3
Mar 26 18:08 : update: added vaporlist/Com Truise - Brokendate.mp3
Mar 26 18:08 : update: added vaporlist/Home - We're Finally Landing.mp3
Mar 26 18:08 : update: added vaporlist/Hotel Pools - Nightshade.mp3
Mar 26 18:08 : update: added vaporlist/Voyage - Allude.mp3
Mar 26 18:08 : update: added vaporlist/FrankJavCee - SimpsonWave1995 - Slowed + Reverbed.mp3
Mar 26 18:08 : update: added vaporlist/Resonance Hub - A Brighter Future.mp3
Mar 26 18:08 : update: added vaporlist/Driver - The Eye of Truth.mp3
Mar 26 18:08 : update: added vaporlist/Electronic Gems, Voyage - Eternal.mp3
Mar 26 18:08 : update: added vaporlist/Home - Sunshower.mp3
Mar 26 18:08 : update: added vaporlist/FrankJavCee - SimpsonWave1995.mp3
Mar 26 18:08 : update: added vaporlist/Home - Decay.mp3
Mar 26 18:08 : update: added vaporlist/Home - Resonance.mp3
Mar 26 18:08 : update: added vaporlist/Home - New Machines.mp3
Mar 26 18:25 : player: played "vaporlist/Resonance Hub - A Brighter Future.mp3"
Mar 26 18:26 : player: played "vaporlist/Resonance Hub - A Brighter Future.mp3"
Mar 26 18:27 : player: played "vaporlist/Resonance Hub - A Brighter Future.mp3"
Mar 26 18:29 : player: played "vaporlist/Resonance Hub - A Brighter Future.mp3"
Mar 26 18:30 : player: played "vaporlist/Resonance Hub - A Brighter Future.mp3"
Mar 29 22:45 : update: added tecca/Lil Tecca - Need Me.mp3
Mar 29 22:45 : update: added tecca/Lil Tecca - ABOUT YOU (with NAV).mp3
Mar 29 22:45 : update: added tecca/Lil Tecca - TEC.mp3
Mar 29 22:45 : update: added tecca/Lil Tecca - Gist.mp3
Mar 29 22:45 : update: added tecca/Lil Tecca - HVN ON EARTH (with Kodak Black).mp3
Mar 29 22:45 : update: added tecca/Lil Tecca - Either Way.mp3
Mar 29 22:45 : update: added tecca/Lil Tecca - Amigo.mp3
Mar 29 22:45 : update: added tecca/Lil Tecca - Sidenote.mp3
Mar 29 22:45 : update: added tecca/Trap Thug Family - Love No Thot (feat. Lil Tecca).mp3
Mar 29 22:45 : update: added tecca/Lil Tecca - DUI.mp3
Mar 29 22:45 : update: added tecca/Lil Tecca - Miss Me.mp3
Mar 29 22:45 : update: added tecca/Lil Tecca - Treesha.mp3
Mar 29 22:45 : update: added tecca/Internet Money, Lil Tecca, Lil Mosey - JETSKI.mp3
Mar 29 22:45 : update: added tecca/Lil Tecca - Ransom (with Juice WRLD) - Remix.mp3
Mar 29 22:45 : update: added tecca/Lil Tecca - U Don't Know Tec.mp3
Mar 29 22:45 : update: added tecca/Lil Tecca - Bossanova.mp3
Mar 29 22:45 : update: added tecca/Lil Tecca - Salty.mp3
Mar 29 22:45 : update: added tecca/Lil Tecca - Down With Me.mp3
Mar 29 22:45 : update: added tecca/Lil Tecca - Trippin On U.mp3
Mar 29 22:45 : update: added tecca/Lil Tecca - Chemistry.mp3
Mar 29 22:45 : update: added tecca/Lil Tecca - Yves.mp3
Mar 29 22:45 : update: added tecca/Rich Amiri, Lil Tecca - Poppin.mp3
Mar 29 22:45 : update: added tecca/Lil Tecca - Want It Bad.mp3
Mar 29 22:45 : update: added tecca/Lil Tecca - Real Discussions.mp3
Mar 29 22:45 : update: added tecca/Lil Tecca - Dead or Alive.mp3
Mar 29 22:45 : update: added tecca/Lil Tecca - 500lbs.mp3
Mar 29 22:45 : update: added tecca/Lil Tecca - Love Me.mp3
Mar 29 22:45 : update: added tecca/Lil Tecca - Fell In Love (with Ken Carson).mp3
Mar 29 22:45 : update: added tecca/Lil Tecca - Left, Right.mp3
Mar 29 22:46 : player: played "tecca/Rich Amiri, Lil Tecca - Poppin.mp3"
Mar 29 22:58 : player: played "tecca/Rich Amiri, Lil Tecca - Poppin.mp3"
Mar 29 23:02 : player: played "vaporlist/Resonance Hub - A Brighter Future.mp3"
Mar 29 23:03 : player: played "tecca/Rich Amiri, Lil Tecca - Poppin.mp3"
Mar 29 23:04 : player: played "vaporlist/Resonance Hub - A Brighter Future.mp3"
Mar 29 23:07 : player: played "vaporlist/Resonance Hub - A Brighter Future.mp3"
Mar 29 23:07 : player: played "vaporlist/Home - Decay.mp3"
Mar 29 23:10 : player: played "tecca/Trap Thug Family - Love No Thot (feat. Lil Tecca).mp3"
Mar 29 23:10 : player: played "tecca/Lil Tecca - HVN ON EARTH (with Kodak Black).mp3"
Apr 01 22:45 : player: played "vaporlist/Home - Resonance.mp3"
Apr 01 22:47 : player: played "vaporlist/Home - Resonance.mp3"
Apr 01 22:52 : player: played "vaporlist/Home - Resonance.mp3"
Apr 01 22:52 : output: Failed to play on "pulse audio" (pulse): suspended
Apr 01 22:53 : player: played "vaporlist/Home - Resonance.mp3"
Apr 01 22:53 : player: played "vaporlist/Home - Resonance.mp3"
Apr 01 22:54 : output: Failed to play on "pulse audio" (pulse): suspended
Apr 01 22:54 : player: played "vaporlist/Home - Resonance.mp3"
Apr 01 22:55 : player: played "vaporlist/Home - Resonance.mp3"
Apr 01 22:55 : output: Failed to play on "pulse audio" (pulse): suspended
Apr 01 22:55 : player: played "vaporlist/Home - Resonance.mp3"
Apr 01 22:56 : output: Failed to play on "pulse audio" (pulse): suspended
Apr 01 22:57 : player: played "vaporlist/Home - Resonance.mp3"
Apr 01 22:58 : player: played "vaporlist/Home - Resonance.mp3"
Apr 01 22:59 : output: Failed to play on "pulse audio" (pulse): suspended
Apr 01 23:00 : player: played "vaporlist/Home - Resonance.mp3"
Apr 01 23:01 : player: played "vaporlist/Home - Resonance.mp3"
Apr 01 23:02 : player: played "vaporlist/Home - Resonance.mp3"
Apr 03 16:35 : player: played "vaporlist/Home - Resonance.mp3"
Apr 03 22:11 : player: played "vaporlist/Home - Resonance.mp3"
Apr 03 22:12 : player: played "vaporlist/Home - Resonance.mp3"
Apr 03 22:12 : player: played "vaporlist/Home - Resonance.mp3"
Apr 03 22:14 : player: played "vaporlist/Resonance Hub - A Brighter Future.mp3"
Apr 03 22:15 : player: played "vaporlist/Resonance Hub - A Brighter Future.mp3"
Apr 03 22:17 : player: played "vaporlist/Resonance Hub - A Brighter Future.mp3"
Apr 03 22:36 : player: played "vaporlist/Resonance Hub - A Brighter Future.mp3"
Apr 03 22:38 : player: played "vaporlist/Resonance Hub - A Brighter Future.mp3"
Apr 08 17:53 : player: played "vaporlist/Resonance Hub - A Brighter Future.mp3"
Apr 08 17:56 : player: played "tecca/Lil Tecca - HVN ON EARTH (with Kodak Black).mp3"
Apr 08 17:57 : player: played "tecca/Lil Tecca - Chemistry.mp3"
Apr 08 18:02 : player: played "tecca/Lil Tecca - Chemistry.mp3"
Apr 10 17:32 : update: added kpop/NMIXX - COOL (Your rainbow).mp3
Apr 10 17:32 : update: added kpop/IZONE - Panorama.mp3
Apr 10 17:32 : update: added kpop/TWICE - FANCY.mp3
Apr 10 17:32 : update: added kpop/LEE CHAE YEON - KNOCK.mp3
Apr 10 17:32 : update: added kpop/NMIXX - Roller Coaster.mp3
Apr 10 17:32 : update: added kpop/Red Velvet - 러시안 룰렛 Russian Roulette.mp3
Apr 10 17:32 : update: added kpop/Girls' Generation - Gee.mp3
Apr 10 17:32 : update: added kpop/LOONA - 키스는 다음에.mp3
Apr 10 17:32 : update: added kpop/TWICE - OXYGEN.mp3
Apr 10 17:32 : update: added kpop/NewJeans - Cool With You.mp3
Apr 10 17:32 : update: added kpop/ITZY - Voltage.mp3
Apr 10 17:32 : update: added kpop/ITZY - SHOOT!.mp3
Apr 10 17:32 : update: added kpop/aespa - Lucid Dream.mp3
Apr 10 17:32 : update: added kpop/JIHYO - Killin’ Me Good.mp3
Apr 10 17:32 : update: added kpop/LE SSERAFIM - Perfect Night.mp3
Apr 10 17:32 : update: added kpop/NewJeans - Cookie.mp3
Apr 10 17:32 : update: added kpop/TWICE - LOVE FOOLISH.mp3
Apr 10 17:32 : update: added kpop/aespa - Hold On Tight.mp3
Apr 10 17:32 : update: added kpop/IZONE - Sequence.mp3
Apr 10 17:32 : update: added kpop/LOONA - HULA HOOP.mp3
Apr 10 17:32 : update: added kpop/TWICE - I CAN'T STOP ME.mp3
Apr 10 17:32 : update: added kpop/NewJeans - ETA.mp3
Apr 10 17:32 : update: added kpop/Orange Caramel - Catallena.mp3
Apr 10 17:32 : update: added kpop/IZONE - La Vie en Rose.mp3
Apr 10 17:32 : update: added kpop/STAYC - STEREOTYPE.mp3
Apr 10 17:32 : update: added kpop/LE SSERAFIM - EASY.mp3
Apr 10 17:32 : update: added kpop/LOONA - Flip That.mp3
Apr 10 17:32 : update: added kpop/TWICE - The Feels.mp3
Apr 10 17:32 : update: added kpop/TWICE - Look At Me.mp3
Apr 10 17:32 : update: added kpop/ILLIT - Magnetic.mp3
Apr 10 17:32 : update: added kpop/TWICE - LAST WALTZ.mp3
Apr 10 17:32 : update: added kpop/NewJeans - Super Shy.mp3
Apr 10 17:32 : update: added kpop/TWICE - YES or YES.mp3
Apr 10 17:32 : update: added kpop/TWICE - Next Page.mp3
Apr 10 17:32 : update: added kpop/aespa - Illusion.mp3
Apr 10 17:32 : update: added kpop/NewJeans - New Jeans.mp3
Apr 10 17:32 : update: added kpop/TWICE - MOONLIGHT SUNRISE.mp3
Apr 10 17:32 : update: added kpop/ITZY - Mr. Vampire.mp3
Apr 10 17:32 : update: added kpop/KISS OF LIFE - Midas Touch.mp3
Apr 10 17:32 : update: added kpop/aespa - I'll Make You Cry.mp3
Apr 10 17:32 : update: added kpop/TWICE - Perfect World.mp3
Apr 10 17:32 : update: added kpop/VIVIZ - MANIAC.mp3
Apr 10 17:32 : update: added kpop/TWICE - Scandal.mp3
Apr 10 17:32 : update: added kpop/aespa - Drama.mp3
Apr 10 17:32 : update: added kpop/TWICE - RUSH.mp3
Apr 10 17:32 : player: played "kpop/aespa - Illusion.mp3"
Apr 10 17:35 : update: updating kpop/aespa - Illusion.mp3
Apr 10 17:35 : player: played "kpop/aespa - Illusion.mp3"
Apr 11 15:51 : player: played "kpop/ILLIT - Magnetic.mp3"
Apr 12 20:56 : player: played "kpop/NewJeans - New Jeans.mp3"
Apr 14 13:47 : player: played "kpop/NewJeans - New Jeans.mp3"
Apr 14 13:49 : player: played "kpop/NewJeans - New Jeans.mp3"
Apr 14 13:53 : player: played "kpop/NewJeans - New Jeans.mp3"
Apr 14 20:51 : player: played "vaporlist/Driver - The Eye of Truth.mp3"
Apr 14 20:53 : player: played "kpop/NewJeans - New Jeans.mp3"
Apr 14 20:55 : player: played "tecca/Lil Tecca - Miss Me.mp3"
Apr 14 20:56 : player: played "tecca/Lil Tecca - ABOUT YOU (with NAV).mp3"
Apr 17 22:39 : player: played "vaporlist/Resonance Hub - A Brighter Future.mp3"
Apr 17 22:44 : player: played "vaporlist/Resonance Hub - A Brighter Future.mp3"
Apr 17 22:52 : player: played "vaporlist/Home - Resonance.mp3"
Apr 17 22:54 : player: played "vaporlist/Home - We're Finally Landing.mp3"
Apr 17 23:08 : player: played "vaporlist/FrankJavCee - SimpsonWave1995.mp3"
Apr 21 16:30 : player: played "kpop/NewJeans - Super Shy.mp3"
Apr 21 17:24 : player: played "tecca/Lil Tecca - Left, Right.mp3"
Apr 21 17:26 : player: played "kpop/NewJeans - Super Shy.mp3"
Apr 21 17:29 : player: played "tecca/Lil Tecca - Want It Bad.mp3"
Apr 21 17:31 : player: played "vaporlist/Driver - The Eye of Truth.mp3"
Apr 21 17:34 : player: played "tecca/Lil Tecca - Amigo.mp3"
Apr 21 17:37 : player: played "vaporlist/Home - Hold.mp3"
Apr 21 17:39 : player: played "tecca/Lil Tecca - Real Discussions.mp3"
Apr 21 17:41 : player: played "tecca/Lil Tecca - Miss Me.mp3"
Apr 21 17:43 : output: Failed to play on "pulse audio" (pulse): suspended
Apr 21 17:43 : player: played "tecca/Lil Tecca - HVN ON EARTH (with Kodak Black).mp3"
Apr 21 17:51 : player: played "tecca/Lil Tecca - HVN ON EARTH (with Kodak Black).mp3"
Apr 23 18:29 : update: added /Artemas - i like the way you kiss me.mp3
Apr 23 18:29 : player: played "Artemas - i like the way you kiss me.mp3"
Apr 23 18:32 : player: played "Artemas - i like the way you kiss me.mp3"
Apr 24 23:01 : player: played "Artemas - i like the way you kiss me.mp3"
Apr 24 23:01 : player: played "Artemas - i like the way you kiss me.mp3"
Apr 24 23:04 : player: played "Artemas - i like the way you kiss me.mp3"
Apr 24 23:05 : player: played "Artemas - i like the way you kiss me.mp3"
Apr 26 20:32 : player: played "Artemas - i like the way you kiss me.mp3"
Apr 26 20:34 : player: played "vaporlist/Driver - The Eye of Truth.mp3"
Apr 29 13:51 : player: played "kpop/NewJeans - New Jeans.mp3"
Apr 29 13:56 : player: played "vaporlist/FrankJavCee - SimpsonWave1995 - Slowed + Reverbed.mp3"
Apr 29 13:58 : player: played "tecca/Lil Tecca - Real Discussions.mp3"
Apr 29 13:59 : player: played "vaporlist/Home - We're Finally Landing.mp3"
Apr 29 14:07 : player: played "vaporlist/Home - New Machines.mp3"
Apr 29 14:12 : player: played "vaporlist/Home - We're Finally Landing.mp3"
Apr 29 14:14 : player: played "tecca/Lil Tecca - Left, Right.mp3"
Apr 29 14:16 : player: played "tecca/Lil Tecca - Real Discussions.mp3"
Apr 29 14:19 : player: played "tecca/Lil Tecca - Salty.mp3"
Apr 29 14:20 : player: played "kpop/NewJeans - New Jeans.mp3"
Apr 29 14:24 : player: played "vaporlist/Com Truise - Brokendate.mp3"
Apr 30 14:44 : player: played "kpop/NewJeans - New Jeans.mp3"
Apr 30 14:45 : player: played "tecca/Rich Amiri, Lil Tecca - Poppin.mp3"
Apr 30 14:45 : player: played "tecca/Rich Amiri, Lil Tecca - Poppin.mp3"
Apr 30 14:47 : player: played "Artemas - i like the way you kiss me.mp3"
Apr 30 14:50 : player: played "Artemas - i like the way you kiss me.mp3"
Apr 30 14:54 : player: played "vaporlist/Resonance Hub - A Brighter Future.mp3"
Apr 30 14:56 : player: played "Artemas - i like the way you kiss me.mp3"
Apr 30 14:59 : player: played "vaporlist/FrankJavCee - SimpsonWave1995 - Slowed + Reverbed.mp3"
Apr 30 15:03 : player: played "vaporlist/Home - Decay.mp3"
Apr 30 15:08 : player: played "vaporlist/Home - We're Finally Landing.mp3"
Apr 30 15:11 : player: played "vaporlist/Home - Sunshower.mp3"
Apr 30 15:14 : player: played "vaporlist/Home - Hold.mp3"
Apr 30 15:17 : player: played "vaporlist/Driver - The Eye of Truth.mp3"
Apr 30 15:20 : player: played "vaporlist/Hotel Pools - Nightshade.mp3"
Apr 30 15:23 : player: played "vaporlist/Home - New Machines.mp3"
Apr 30 15:27 : player: played "vaporlist/Home - Resonance.mp3"
Apr 30 15:32 : player: played "vaporlist/Com Truise - Brokendate.mp3"
Apr 30 15:34 : player: played "Artemas - i like the way you kiss me.mp3"
Apr 30 15:39 : player: played "vaporlist/Home - Resonance.mp3"
Apr 30 15:40 : player: played "vaporlist/Electronic Gems, Voyage - Eternal.mp3"
Apr 30 15:46 : player: played "vaporlist/Home - Hold.mp3"
May 01 20:07 : player: played "vaporlist/Home - New Machines.mp3"
May 02 00:03 : player: played "vaporlist/Resonance Hub - A Brighter Future.mp3"
May 02 00:03 : player: played "vaporlist/FrankJavCee - SimpsonWave1995.mp3"
May 06 16:02 : update: added eurobeat/Sara - Little Love.mp3
May 06 16:02 : update: added eurobeat/Vicky Vale - DANCING.mp3
May 06 16:02 : update: added eurobeat/Leslie Parrish - Remember me.mp3
May 06 16:02 : update: added eurobeat/Manuel - GAS GAS GAS - EXTENDED MIX.mp3
May 06 16:02 : update: added eurobeat/Nathalie - Heartbeat - Extended mix.mp3
May 06 16:02 : update: added eurobeat/Tsuko G. - Deja Vu (Initial D).mp3
May 06 16:02 : update: added eurobeat/Sara - BURNING UP FOR YOU.mp3
May 06 16:02 : update: added eurobeat/Max Coveri - Golden Age.mp3
May 06 16:02 : update: added eurobeat/Duc de Japan - Night of Fire (from Initial D).mp3
May 06 16:02 : update: added eurobeat/Leslie Parrish - KILLING MY LOVE.mp3
May 06 16:02 : update: added eurobeat/Nuage - Crazy Little Love.mp3
May 06 16:02 : update: added eurobeat/Max Coveri - RUNNING IN THE 90'S.mp3
May 06 16:02 : update: added eurobeat/Priscilla - LOVE IS IN DANGER.mp3
May 06 16:02 : update: added /TWICE - LALALA.mp3
May 06 16:03 : player: played "TWICE - LALALA.mp3"
May 06 16:06 : player: played "TWICE - LALALA.mp3"
May 06 16:09 : player: played "vaporlist/FrankJavCee - SimpsonWave1995.mp3"
May 06 16:14 : player: played "vaporlist/Electronic Gems, Voyage - Eternal.mp3"
May 06 16:17 : player: played "vaporlist/Home - Hold.mp3"
May 06 16:18 : player: played "vaporlist/Driver - The Eye of Truth.mp3"
